#
# There is insufficient memory for the Java Runtime Environment to continue.
# Native memory allocation (malloc) failed to allocate 804576 bytes. Error detail: Chunk::new
# Possible reasons:
#   The system is out of physical RAM or swap space
#   This process is running with CompressedOops enabled, and the Java Heap may be blocking the growth of the native heap
# Possible solutions:
#   Reduce memory load on the system
#   Increase physical memory or swap space
#   Check if swap backing store is full
#   Decrease Java heap size (-Xmx/-Xms)
#   Decrease number of Java threads
#   Decrease Java thread stack sizes (-Xss)
#   Set larger code cache with -XX:ReservedCodeCacheSize=
#   JVM is running with Unscaled Compressed Oops mode in which the Java heap is
#     placed in the first 4GB address space. The Java Heap base address is the
#     maximum limit for the native heap growth. Please use -XX:HeapBaseMinAddress
#     to set the Java Heap base and to place the Java Heap above 4GB virtual address.
# This output file may be truncated or incomplete.
#
#  Out of Memory Error (arena.cpp:191), pid=9592, tid=4924
#
# JRE version: OpenJDK Runtime Environment JBR-17.0.11+1-1207.24-jcef (17.0.11+1) (build 17.0.11+1-b1207.24)
# Java VM: OpenJDK 64-Bit Server VM JBR-17.0.11+1-1207.24-jcef (17.0.11+1-b1207.24, mixed mode, tiered, compressed oops, compressed class ptrs, g1 gc, windows-amd64)
# No core dump will be written. Minidumps are not enabled by default on client versions of Windows
#

---------------  S U M M A R Y ------------

Command Line: -Djava.rmi.server.hostname=127.0.0.1 -Duser.timezone=UTC -Xmx2048m -Xms128m -Djdbc.classpath=F:\inteliji\plugins\DatabaseTools\lib\jdbc-console.jar;C:\Users\hp\AppData\Roaming\JetBrains\IntelliJIdea2024.1\jdbc-drivers\PostgreSQL\42.6.0\org\postgresql\postgresql\42.6.0\postgresql-42.6.0.jar;C:\Users\hp\AppData\Roaming\JetBrains\IntelliJIdea2024.1\jdbc-drivers\PostgreSQL\42.6.0\org\checkerframework\checker-qual\3.31.0\checker-qual-3.31.0.jar;C:\Users\hp\AppData\Roaming\JetBrains\IntelliJIdea2024.1\jdbc-drivers\PostgreSQL\42.6.0\com\github\waffle\waffle-jna\1.9.1\waffle-jna-1.9.1.jar;C:\Users\hp\AppData\Roaming\JetBrains\IntelliJIdea2024.1\jdbc-drivers\PostgreSQL\42.6.0\net\java\dev\jna\jna\4.5.1\jna-4.5.1.jar;C:\Users\hp\AppData\Roaming\JetBrains\IntelliJIdea2024.1\jdbc-drivers\PostgreSQL\42.6.0\net\java\dev\jna\jna-platform\4.5.1\jna-platform-4.5.1.jar;C:\Users\hp\AppData\Roaming\JetBrains\IntelliJIdea2024.1\jdbc-drivers\PostgreSQL\42.6.0\org\slf4j\jcl-over-slf4j\1.7.25\jcl-over-slf4j-1.7.25.jar;C:\Users\hp\AppData\Roaming\JetBrains\IntelliJIdea2024.1\jdbc-drivers\PostgreSQL\42.6.0\org\slf4j\slf4j-api\1.7.25\slf4j-api-1.7.25.jar;C:\Users\hp\AppData\Roaming\JetBrains\IntelliJIdea2024.1\jdbc-drivers\PostgreSQL\42.6.0\com\github\ben-manes\caffeine\caffeine\2.6.2\caffeine-2.6.2.jar --add-exports=java.desktop/sun.awt=ALL-UNNAMED --add-exports=java.desktop/java.awt.peer=ALL-UNNAMED --add-opens=java.desktop/java.awt=ALL-UNNAMED --add-opens=jdk.unsupported/sun.misc=ALL-UNNAMED --add-opens=java.base/java.nio=ALL-UNNAMED --add-opens=java.base/java.util=ALL-UNNAMED -Dfile.encoding=UTF-8 com.intellij.database.remote.RemoteJdbcServer org.postgresql.Driver

Host: Intel(R) Core(TM) i3-1005G1 CPU @ 1.20GHz, 4 cores, 3G,  Windows 10 , 64 bit Build 19041 (10.0.19041.4597)
Time: Thu Jul 18 01:54:03 2024 India Standard Time elapsed time: 54.333731 seconds (0d 0h 0m 54s)

---------------  T H R E A D  ---------------

Current thread (0x00000220d7409dd0):  JavaThread "C2 CompilerThread0" daemon [_thread_in_native, id=4924, stack(0x0000008dbb800000,0x0000008dbb900000)]


Current CompileTask:
C2:  54334 1528       4       jdk.internal.org.objectweb.asm.Frame::execute (2305 bytes)

Stack: [0x0000008dbb800000,0x0000008dbb900000]
Native frames: (J=compiled Java code, j=interpreted, Vv=VM code, C=native code)
V  [jvm.dll+0x6877f9]
V  [jvm.dll+0x8411aa]
V  [jvm.dll+0x842e2e]
V  [jvm.dll+0x843493]
V  [jvm.dll+0x249fdf]
V  [jvm.dll+0xac544]
V  [jvm.dll+0xacb8c]
V  [jvm.dll+0x2b15af]
V  [jvm.dll+0x58e827]
V  [jvm.dll+0x224492]
V  [jvm.dll+0x22488f]
V  [jvm.dll+0x21d9b0]
V  [jvm.dll+0x21aeb1]
V  [jvm.dll+0x1a637d]
V  [jvm.dll+0x22ae8e]
V  [jvm.dll+0x229015]
V  [jvm.dll+0x7f53a7]
V  [jvm.dll+0x7ef7aa]
V  [jvm.dll+0x686675]
C  [ucrtbase.dll+0x21bb2]
C  [KERNEL32.DLL+0x17374]
C  [ntdll.dll+0x4cc91]


---------------  P R O C E S S  ---------------

Threads class SMR info:
_java_thread_list=0x00000220dc1833c0, length=23, elements={
0x00000220bba6ff30, 0x00000220d73f3500, 0x00000220d7284f90, 0x00000220d72a4500,
0x00000220d7408030, 0x00000220d7408900, 0x00000220d74091d0, 0x00000220d7409dd0,
0x00000220d72acf20, 0x00000220d72ad440, 0x00000220d7580a90, 0x00000220d7581380,
0x00000220d74450c0, 0x00000220d74446b0, 0x00000220dc0c3c50, 0x00000220dc0c4130,
0x00000220dc1f9390, 0x00000220dc21d880, 0x00000220dc241bd0, 0x00000220dc240ca0,
0x00000220dc242b00, 0x00000220dc243f40, 0x00000220dc2411b0
}

Java Threads: ( => current thread )
  0x00000220bba6ff30 JavaThread "main" [_thread_blocked, id=10816, stack(0x0000008dbab00000,0x0000008dbac00000)]
  0x00000220d73f3500 JavaThread "Reference Handler" daemon [_thread_blocked, id=2568, stack(0x0000008dbb200000,0x0000008dbb300000)]
  0x00000220d7284f90 JavaThread "Finalizer" daemon [_thread_blocked, id=12836, stack(0x0000008dbb300000,0x0000008dbb400000)]
  0x00000220d72a4500 JavaThread "Signal Dispatcher" daemon [_thread_blocked, id=6300, stack(0x0000008dbb400000,0x0000008dbb500000)]
  0x00000220d7408030 JavaThread "Attach Listener" daemon [_thread_blocked, id=6868, stack(0x0000008dbb500000,0x0000008dbb600000)]
  0x00000220d7408900 JavaThread "Service Thread" daemon [_thread_blocked, id=11548, stack(0x0000008dbb600000,0x0000008dbb700000)]
  0x00000220d74091d0 JavaThread "Monitor Deflation Thread" daemon [_thread_blocked, id=7408, stack(0x0000008dbb700000,0x0000008dbb800000)]
=>0x00000220d7409dd0 JavaThread "C2 CompilerThread0" daemon [_thread_in_native, id=4924, stack(0x0000008dbb800000,0x0000008dbb900000)]
  0x00000220d72acf20 JavaThread "C1 CompilerThread0" daemon [_thread_blocked, id=2356, stack(0x0000008dbb900000,0x0000008dbba00000)]
  0x00000220d72ad440 JavaThread "Sweeper thread" daemon [_thread_blocked, id=676, stack(0x0000008dbba00000,0x0000008dbbb00000)]
  0x00000220d7580a90 JavaThread "Common-Cleaner" daemon [_thread_blocked, id=1416, stack(0x0000008dbbb00000,0x0000008dbbc00000)]
  0x00000220d7581380 JavaThread "Notification Thread" daemon [_thread_blocked, id=4332, stack(0x0000008dbbc00000,0x0000008dbbd00000)]
  0x00000220d74450c0 JavaThread "RMI TCP Accept-17816" daemon [_thread_in_native, id=12800, stack(0x0000008dbbe00000,0x0000008dbbf00000)]
  0x00000220d74446b0 JavaThread "RMI TCP Accept-0" daemon [_thread_in_native, id=14728, stack(0x0000008dbbf00000,0x0000008dbc000000)]
  0x00000220dc0c3c50 JavaThread "RMI Reaper" [_thread_blocked, id=824, stack(0x0000008dbc000000,0x0000008dbc100000)]
  0x00000220dc0c4130 JavaThread "RMI GC Daemon" daemon [_thread_blocked, id=760, stack(0x0000008dbc100000,0x0000008dbc200000)]
  0x00000220dc1f9390 JavaThread "RMI TCP Connection(idle)" daemon [_thread_blocked, id=4856, stack(0x0000008dbc200000,0x0000008dbc300000)]
  0x00000220dc21d880 JavaThread "RMI TCP Connection(2)-127.0.0.1" daemon [_thread_in_native, id=4900, stack(0x0000008dbc300000,0x0000008dbc400000)]
  0x00000220dc241bd0 JavaThread "RMI TCP Connection(3)-127.0.0.1" daemon [_thread_in_native, id=15024, stack(0x0000008dbc400000,0x0000008dbc500000)]
  0x00000220dc240ca0 JavaThread "RMI TCP Connection(4)-127.0.0.1" daemon [_thread_blocked, id=12012, stack(0x0000008dbc500000,0x0000008dbc600000)]
  0x00000220dc242b00 JavaThread "RMI Scheduler(0)" daemon [_thread_blocked, id=4104, stack(0x0000008dbc600000,0x0000008dbc700000)]
  0x00000220dc243f40 JavaThread "RMI RenewClean-[127.0.0.1:64143]" daemon [_thread_blocked, id=8280, stack(0x0000008dbc700000,0x0000008dbc800000)]
  0x00000220dc2411b0 JavaThread "PostgreSQL-JDBC-Cleaner" daemon [_thread_blocked, id=15276, stack(0x0000008dbce00000,0x0000008dbcf00000)]

Other Threads:
  0x00000220d7284be0 VMThread "VM Thread" [stack: 0x0000008dbb100000,0x0000008dbb200000] [id=11420]
  0x00000220d7581860 WatcherThread [stack: 0x0000008dbbd00000,0x0000008dbbe00000] [id=2128]
  0x00000220bbaca5c0 GCTaskThread "GC Thread#0" [stack: 0x0000008dbac00000,0x0000008dbad00000] [id=11892]
  0x00000220dc2c7040 GCTaskThread "GC Thread#1" [stack: 0x0000008dbaa00000,0x0000008dbab00000] [id=14280]
  0x00000220dc047c40 GCTaskThread "GC Thread#2" [stack: 0x0000008dbc800000,0x0000008dbc900000] [id=16984]
  0x00000220dc2a9990 GCTaskThread "GC Thread#3" [stack: 0x0000008dbc900000,0x0000008dbca00000] [id=16304]
  0x00000220bbadb420 ConcurrentGCThread "G1 Main Marker" [stack: 0x0000008dbad00000,0x0000008dbae00000] [id=3580]
  0x00000220bbadbd50 ConcurrentGCThread "G1 Conc#0" [stack: 0x0000008dbae00000,0x0000008dbaf00000] [id=5640]
  0x00000220bbb2df70 ConcurrentGCThread "G1 Refine#0" [stack: 0x0000008dbaf00000,0x0000008dbb000000] [id=7484]
  0x00000220d74ccbc0 ConcurrentGCThread "G1 Refine#1" [stack: 0x0000008dbca00000,0x0000008dbcb00000] [id=3220]
  0x00000220bbb2e8b0 ConcurrentGCThread "G1 Service" [stack: 0x0000008dbb000000,0x0000008dbb100000] [id=16112]

Threads with active compile tasks:
C2 CompilerThread0    54539 1528       4       jdk.internal.org.objectweb.asm.Frame::execute (2305 bytes)

VM state: at safepoint (normal execution)

VM Mutex/Monitor currently owned by a thread:  ([mutex/lock_event])
[0x00000220bba6c140] Threads_lock - owner thread: 0x00000220d7284be0
[0x00000220bba6a760] Heap_lock - owner thread: 0x00000220dc240ca0

Heap address: 0x0000000080000000, size: 2048 MB, Compressed Oops mode: 32-bit

CDS archive(s) not mapped
Compressed class space mapped at: 0x0000000100000000-0x0000000140000000, reserved size: 1073741824
Narrow klass base: 0x0000000000000000, Narrow klass shift: 3, Narrow klass range: 0x140000000

GC Precious Log:
 CPUs: 4 total, 4 available
 Memory: 3784M
 Large Page Support: Disabled
 NUMA Support: Disabled
 Compressed Oops: Enabled (32-bit)
 Heap Region Size: 1M
 Heap Min Capacity: 128M
 Heap Initial Capacity: 128M
 Heap Max Capacity: 2G
 Pre-touch: Disabled
 Parallel Workers: 4
 Concurrent Workers: 1
 Concurrent Refinement Workers: 4
 Periodic GC: Disabled

Heap:
 garbage-first heap   total 131072K, used 9099K [0x0000000080000000, 0x0000000100000000)
  region size 1024K, 3 young (3072K), 2 survivors (2048K)
 Metaspace       used 18744K, committed 18944K, reserved 1114112K
  class space    used 1934K, committed 2048K, reserved 1048576K

Heap Regions: E=young(eden), S=young(survivor), O=old, HS=humongous(starts), HC=humongous(continues), CS=collection set, F=free, OA=open archive, CA=closed archive, TAMS=top-at-mark-start (previous, next)
|   0|0x0000000080000000, 0x0000000080100000, 0x0000000080100000|100%|HS|  |TAMS 0x0000000080000000, 0x0000000080000000| Complete 
|   1|0x0000000080100000, 0x0000000080200000, 0x0000000080200000|100%|HC|  |TAMS 0x0000000080100000, 0x0000000080100000| Complete 
|   2|0x0000000080200000, 0x0000000080300000, 0x0000000080300000|100%|HC|  |TAMS 0x0000000080200000, 0x0000000080200000| Complete 
|   3|0x0000000080300000, 0x0000000080400000, 0x0000000080400000|100%| O|  |TAMS 0x0000000080300000, 0x0000000080300000| Untracked 
|   4|0x0000000080400000, 0x0000000080500000, 0x0000000080500000|100%| O|  |TAMS 0x0000000080400000, 0x0000000080400000| Untracked 
|   5|0x0000000080500000, 0x0000000080600000, 0x0000000080600000|100%| O|  |TAMS 0x0000000080500000, 0x0000000080500000| Untracked 
|   6|0x0000000080600000, 0x00000000806e2c00, 0x0000000080700000| 88%| O|  |TAMS 0x0000000080600000, 0x0000000080600000| Untracked 
|   7|0x0000000080700000, 0x0000000080700000, 0x0000000080800000|  0%| F|  |TAMS 0x0000000080700000, 0x0000000080700000| Untracked 
|   8|0x0000000080800000, 0x0000000080800000, 0x0000000080900000|  0%| F|  |TAMS 0x0000000080800000, 0x0000000080800000| Untracked 
|   9|0x0000000080900000, 0x0000000080900000, 0x0000000080a00000|  0%| F|  |TAMS 0x0000000080900000, 0x0000000080900000| Untracked 
|  10|0x0000000080a00000, 0x0000000080a00000, 0x0000000080b00000|  0%| F|  |TAMS 0x0000000080a00000, 0x0000000080a00000| Untracked 
|  11|0x0000000080b00000, 0x0000000080b00000, 0x0000000080c00000|  0%| F|  |TAMS 0x0000000080b00000, 0x0000000080b00000| Untracked 
|  12|0x0000000080c00000, 0x0000000080c00000, 0x0000000080d00000|  0%| F|  |TAMS 0x0000000080c00000, 0x0000000080c00000| Untracked 
|  13|0x0000000080d00000, 0x0000000080d00000, 0x0000000080e00000|  0%| F|  |TAMS 0x0000000080d00000, 0x0000000080d00000| Untracked 
|  14|0x0000000080e00000, 0x0000000080e00000, 0x0000000080f00000|  0%| F|  |TAMS 0x0000000080e00000, 0x0000000080e00000| Untracked 
|  15|0x0000000080f00000, 0x0000000080f00000, 0x0000000081000000|  0%| F|  |TAMS 0x0000000080f00000, 0x0000000080f00000| Untracked 
|  16|0x0000000081000000, 0x0000000081000000, 0x0000000081100000|  0%| F|  |TAMS 0x0000000081000000, 0x0000000081000000| Untracked 
|  17|0x0000000081100000, 0x0000000081100000, 0x0000000081200000|  0%| F|  |TAMS 0x0000000081100000, 0x0000000081100000| Untracked 
|  18|0x0000000081200000, 0x0000000081200000, 0x0000000081300000|  0%| F|  |TAMS 0x0000000081200000, 0x0000000081200000| Untracked 
|  19|0x0000000081300000, 0x0000000081300000, 0x0000000081400000|  0%| F|  |TAMS 0x0000000081300000, 0x0000000081300000| Untracked 
|  20|0x0000000081400000, 0x0000000081400000, 0x0000000081500000|  0%| F|  |TAMS 0x0000000081400000, 0x0000000081400000| Untracked 
|  21|0x0000000081500000, 0x0000000081500000, 0x0000000081600000|  0%| F|  |TAMS 0x0000000081500000, 0x0000000081500000| Untracked 
|  22|0x0000000081600000, 0x0000000081600000, 0x0000000081700000|  0%| F|  |TAMS 0x0000000081600000, 0x0000000081600000| Untracked 
|  23|0x0000000081700000, 0x0000000081700000, 0x0000000081800000|  0%| F|  |TAMS 0x0000000081700000, 0x0000000081700000| Untracked 
|  24|0x0000000081800000, 0x0000000081800000, 0x0000000081900000|  0%| F|  |TAMS 0x0000000081800000, 0x0000000081800000| Untracked 
|  25|0x0000000081900000, 0x0000000081900000, 0x0000000081a00000|  0%| F|  |TAMS 0x0000000081900000, 0x0000000081900000| Untracked 
|  26|0x0000000081a00000, 0x0000000081a00000, 0x0000000081b00000|  0%| F|  |TAMS 0x0000000081a00000, 0x0000000081a00000| Untracked 
|  27|0x0000000081b00000, 0x0000000081b00000, 0x0000000081c00000|  0%| F|  |TAMS 0x0000000081b00000, 0x0000000081b00000| Untracked 
|  28|0x0000000081c00000, 0x0000000081c00000, 0x0000000081d00000|  0%| F|  |TAMS 0x0000000081c00000, 0x0000000081c00000| Untracked 
|  29|0x0000000081d00000, 0x0000000081d00000, 0x0000000081e00000|  0%| F|  |TAMS 0x0000000081d00000, 0x0000000081d00000| Untracked 
|  30|0x0000000081e00000, 0x0000000081e00000, 0x0000000081f00000|  0%| F|  |TAMS 0x0000000081e00000, 0x0000000081e00000| Untracked 
|  31|0x0000000081f00000, 0x0000000081f00000, 0x0000000082000000|  0%| F|  |TAMS 0x0000000081f00000, 0x0000000081f00000| Untracked 
|  32|0x0000000082000000, 0x0000000082000000, 0x0000000082100000|  0%| F|  |TAMS 0x0000000082000000, 0x0000000082000000| Untracked 
|  33|0x0000000082100000, 0x0000000082100000, 0x0000000082200000|  0%| F|  |TAMS 0x0000000082100000, 0x0000000082100000| Untracked 
|  34|0x0000000082200000, 0x0000000082200000, 0x0000000082300000|  0%| F|  |TAMS 0x0000000082200000, 0x0000000082200000| Untracked 
|  35|0x0000000082300000, 0x0000000082300000, 0x0000000082400000|  0%| F|  |TAMS 0x0000000082300000, 0x0000000082300000| Untracked 
|  36|0x0000000082400000, 0x0000000082400000, 0x0000000082500000|  0%| F|  |TAMS 0x0000000082400000, 0x0000000082400000| Untracked 
|  37|0x0000000082500000, 0x0000000082500000, 0x0000000082600000|  0%| F|  |TAMS 0x0000000082500000, 0x0000000082500000| Untracked 
|  38|0x0000000082600000, 0x0000000082600000, 0x0000000082700000|  0%| F|  |TAMS 0x0000000082600000, 0x0000000082600000| Untracked 
|  39|0x0000000082700000, 0x0000000082700000, 0x0000000082800000|  0%| F|  |TAMS 0x0000000082700000, 0x0000000082700000| Untracked 
|  40|0x0000000082800000, 0x0000000082800000, 0x0000000082900000|  0%| F|  |TAMS 0x0000000082800000, 0x0000000082800000| Untracked 
|  41|0x0000000082900000, 0x0000000082900000, 0x0000000082a00000|  0%| F|  |TAMS 0x0000000082900000, 0x0000000082900000| Untracked 
|  42|0x0000000082a00000, 0x0000000082a00000, 0x0000000082b00000|  0%| F|  |TAMS 0x0000000082a00000, 0x0000000082a00000| Untracked 
|  43|0x0000000082b00000, 0x0000000082b00000, 0x0000000082c00000|  0%| F|  |TAMS 0x0000000082b00000, 0x0000000082b00000| Untracked 
|  44|0x0000000082c00000, 0x0000000082c00000, 0x0000000082d00000|  0%| F|  |TAMS 0x0000000082c00000, 0x0000000082c00000| Untracked 
|  45|0x0000000082d00000, 0x0000000082d00000, 0x0000000082e00000|  0%| F|  |TAMS 0x0000000082d00000, 0x0000000082d00000| Untracked 
|  46|0x0000000082e00000, 0x0000000082e00000, 0x0000000082f00000|  0%| F|  |TAMS 0x0000000082e00000, 0x0000000082e00000| Untracked 
|  47|0x0000000082f00000, 0x0000000082f00000, 0x0000000083000000|  0%| F|  |TAMS 0x0000000082f00000, 0x0000000082f00000| Untracked 
|  48|0x0000000083000000, 0x0000000083000000, 0x0000000083100000|  0%| F|  |TAMS 0x0000000083000000, 0x0000000083000000| Untracked 
|  49|0x0000000083100000, 0x0000000083100000, 0x0000000083200000|  0%| F|  |TAMS 0x0000000083100000, 0x0000000083100000| Untracked 
|  50|0x0000000083200000, 0x0000000083200000, 0x0000000083300000|  0%| F|  |TAMS 0x0000000083200000, 0x0000000083200000| Untracked 
|  51|0x0000000083300000, 0x0000000083300000, 0x0000000083400000|  0%| F|  |TAMS 0x0000000083300000, 0x0000000083300000| Untracked 
|  52|0x0000000083400000, 0x0000000083400000, 0x0000000083500000|  0%| F|  |TAMS 0x0000000083400000, 0x0000000083400000| Untracked 
|  53|0x0000000083500000, 0x0000000083500000, 0x0000000083600000|  0%| F|  |TAMS 0x0000000083500000, 0x0000000083500000| Untracked 
|  54|0x0000000083600000, 0x0000000083600000, 0x0000000083700000|  0%| F|  |TAMS 0x0000000083600000, 0x0000000083600000| Untracked 
|  55|0x0000000083700000, 0x0000000083700000, 0x0000000083800000|  0%| F|  |TAMS 0x0000000083700000, 0x0000000083700000| Untracked 
|  56|0x0000000083800000, 0x0000000083800000, 0x0000000083900000|  0%| F|  |TAMS 0x0000000083800000, 0x0000000083800000| Untracked 
|  57|0x0000000083900000, 0x0000000083900000, 0x0000000083a00000|  0%| F|  |TAMS 0x0000000083900000, 0x0000000083900000| Untracked 
|  58|0x0000000083a00000, 0x0000000083a00000, 0x0000000083b00000|  0%| F|  |TAMS 0x0000000083a00000, 0x0000000083a00000| Untracked 
|  59|0x0000000083b00000, 0x0000000083b00000, 0x0000000083c00000|  0%| F|  |TAMS 0x0000000083b00000, 0x0000000083b00000| Untracked 
|  60|0x0000000083c00000, 0x0000000083c00000, 0x0000000083d00000|  0%| F|  |TAMS 0x0000000083c00000, 0x0000000083c00000| Untracked 
|  61|0x0000000083d00000, 0x0000000083d00000, 0x0000000083e00000|  0%| F|  |TAMS 0x0000000083d00000, 0x0000000083d00000| Untracked 
|  62|0x0000000083e00000, 0x0000000083e00000, 0x0000000083f00000|  0%| F|  |TAMS 0x0000000083e00000, 0x0000000083e00000| Untracked 
|  63|0x0000000083f00000, 0x0000000083f00000, 0x0000000084000000|  0%| F|  |TAMS 0x0000000083f00000, 0x0000000083f00000| Untracked 
|  64|0x0000000084000000, 0x0000000084000000, 0x0000000084100000|  0%| F|  |TAMS 0x0000000084000000, 0x0000000084000000| Untracked 
|  65|0x0000000084100000, 0x0000000084100000, 0x0000000084200000|  0%| F|  |TAMS 0x0000000084100000, 0x0000000084100000| Untracked 
|  66|0x0000000084200000, 0x0000000084200000, 0x0000000084300000|  0%| F|  |TAMS 0x0000000084200000, 0x0000000084200000| Untracked 
|  67|0x0000000084300000, 0x0000000084300000, 0x0000000084400000|  0%| F|  |TAMS 0x0000000084300000, 0x0000000084300000| Untracked 
|  68|0x0000000084400000, 0x0000000084400000, 0x0000000084500000|  0%| F|  |TAMS 0x0000000084400000, 0x0000000084400000| Untracked 
|  69|0x0000000084500000, 0x0000000084500000, 0x0000000084600000|  0%| F|  |TAMS 0x0000000084500000, 0x0000000084500000| Untracked 
|  70|0x0000000084600000, 0x0000000084600000, 0x0000000084700000|  0%| F|  |TAMS 0x0000000084600000, 0x0000000084600000| Untracked 
|  71|0x0000000084700000, 0x0000000084700000, 0x0000000084800000|  0%| F|  |TAMS 0x0000000084700000, 0x0000000084700000| Untracked 
|  72|0x0000000084800000, 0x0000000084800000, 0x0000000084900000|  0%| F|  |TAMS 0x0000000084800000, 0x0000000084800000| Untracked 
|  73|0x0000000084900000, 0x0000000084900000, 0x0000000084a00000|  0%| F|  |TAMS 0x0000000084900000, 0x0000000084900000| Untracked 
|  74|0x0000000084a00000, 0x0000000084a00000, 0x0000000084b00000|  0%| F|  |TAMS 0x0000000084a00000, 0x0000000084a00000| Untracked 
|  75|0x0000000084b00000, 0x0000000084b00000, 0x0000000084c00000|  0%| F|  |TAMS 0x0000000084b00000, 0x0000000084b00000| Untracked 
|  76|0x0000000084c00000, 0x0000000084c00000, 0x0000000084d00000|  0%| F|  |TAMS 0x0000000084c00000, 0x0000000084c00000| Untracked 
|  77|0x0000000084d00000, 0x0000000084d00000, 0x0000000084e00000|  0%| F|  |TAMS 0x0000000084d00000, 0x0000000084d00000| Untracked 
|  78|0x0000000084e00000, 0x0000000084e00000, 0x0000000084f00000|  0%| F|  |TAMS 0x0000000084e00000, 0x0000000084e00000| Untracked 
|  79|0x0000000084f00000, 0x0000000084f00000, 0x0000000085000000|  0%| F|  |TAMS 0x0000000084f00000, 0x0000000084f00000| Untracked 
|  80|0x0000000085000000, 0x0000000085000000, 0x0000000085100000|  0%| F|  |TAMS 0x0000000085000000, 0x0000000085000000| Untracked 
|  81|0x0000000085100000, 0x0000000085100000, 0x0000000085200000|  0%| F|  |TAMS 0x0000000085100000, 0x0000000085100000| Untracked 
|  82|0x0000000085200000, 0x0000000085200000, 0x0000000085300000|  0%| F|  |TAMS 0x0000000085200000, 0x0000000085200000| Untracked 
|  83|0x0000000085300000, 0x0000000085300000, 0x0000000085400000|  0%| F|  |TAMS 0x0000000085300000, 0x0000000085300000| Untracked 
|  84|0x0000000085400000, 0x0000000085400000, 0x0000000085500000|  0%| F|  |TAMS 0x0000000085400000, 0x0000000085400000| Untracked 
|  85|0x0000000085500000, 0x0000000085500000, 0x0000000085600000|  0%| F|  |TAMS 0x0000000085500000, 0x0000000085500000| Untracked 
|  86|0x0000000085600000, 0x0000000085600000, 0x0000000085700000|  0%| F|  |TAMS 0x0000000085600000, 0x0000000085600000| Untracked 
|  87|0x0000000085700000, 0x0000000085700000, 0x0000000085800000|  0%| F|  |TAMS 0x0000000085700000, 0x0000000085700000| Untracked 
|  88|0x0000000085800000, 0x0000000085800000, 0x0000000085900000|  0%| F|  |TAMS 0x0000000085800000, 0x0000000085800000| Untracked 
|  89|0x0000000085900000, 0x0000000085900000, 0x0000000085a00000|  0%| F|  |TAMS 0x0000000085900000, 0x0000000085900000| Untracked 
|  90|0x0000000085a00000, 0x0000000085a00000, 0x0000000085b00000|  0%| F|  |TAMS 0x0000000085a00000, 0x0000000085a00000| Untracked 
|  91|0x0000000085b00000, 0x0000000085b00000, 0x0000000085c00000|  0%| F|  |TAMS 0x0000000085b00000, 0x0000000085b00000| Untracked 
|  92|0x0000000085c00000, 0x0000000085c00000, 0x0000000085d00000|  0%| F|  |TAMS 0x0000000085c00000, 0x0000000085c00000| Untracked 
|  93|0x0000000085d00000, 0x0000000085d00000, 0x0000000085e00000|  0%| F|  |TAMS 0x0000000085d00000, 0x0000000085d00000| Untracked 
|  94|0x0000000085e00000, 0x0000000085e00000, 0x0000000085f00000|  0%| F|  |TAMS 0x0000000085e00000, 0x0000000085e00000| Untracked 
|  95|0x0000000085f00000, 0x0000000085f00000, 0x0000000086000000|  0%| F|  |TAMS 0x0000000085f00000, 0x0000000085f00000| Untracked 
|  96|0x0000000086000000, 0x0000000086000000, 0x0000000086100000|  0%| F|  |TAMS 0x0000000086000000, 0x0000000086000000| Untracked 
|  97|0x0000000086100000, 0x0000000086100000, 0x0000000086200000|  0%| F|  |TAMS 0x0000000086100000, 0x0000000086100000| Untracked 
|  98|0x0000000086200000, 0x0000000086200000, 0x0000000086300000|  0%| F|  |TAMS 0x0000000086200000, 0x0000000086200000| Untracked 
|  99|0x0000000086300000, 0x0000000086300000, 0x0000000086400000|  0%| F|  |TAMS 0x0000000086300000, 0x0000000086300000| Untracked 
| 100|0x0000000086400000, 0x0000000086400000, 0x0000000086500000|  0%| F|  |TAMS 0x0000000086400000, 0x0000000086400000| Untracked 
| 101|0x0000000086500000, 0x0000000086500000, 0x0000000086600000|  0%| F|  |TAMS 0x0000000086500000, 0x0000000086500000| Untracked 
| 102|0x0000000086600000, 0x0000000086600000, 0x0000000086700000|  0%| F|  |TAMS 0x0000000086600000, 0x0000000086600000| Untracked 
| 103|0x0000000086700000, 0x0000000086700000, 0x0000000086800000|  0%| F|  |TAMS 0x0000000086700000, 0x0000000086700000| Untracked 
| 104|0x0000000086800000, 0x0000000086800000, 0x0000000086900000|  0%| F|  |TAMS 0x0000000086800000, 0x0000000086800000| Untracked 
| 105|0x0000000086900000, 0x0000000086900000, 0x0000000086a00000|  0%| F|  |TAMS 0x0000000086900000, 0x0000000086900000| Untracked 
| 106|0x0000000086a00000, 0x0000000086a00000, 0x0000000086b00000|  0%| F|  |TAMS 0x0000000086a00000, 0x0000000086a00000| Untracked 
| 107|0x0000000086b00000, 0x0000000086b00000, 0x0000000086c00000|  0%| F|  |TAMS 0x0000000086b00000, 0x0000000086b00000| Untracked 
| 108|0x0000000086c00000, 0x0000000086c00000, 0x0000000086d00000|  0%| F|  |TAMS 0x0000000086c00000, 0x0000000086c00000| Untracked 
| 109|0x0000000086d00000, 0x0000000086d00000, 0x0000000086e00000|  0%| F|  |TAMS 0x0000000086d00000, 0x0000000086d00000| Untracked 
| 110|0x0000000086e00000, 0x0000000086e00000, 0x0000000086f00000|  0%| F|  |TAMS 0x0000000086e00000, 0x0000000086e00000| Untracked 
| 111|0x0000000086f00000, 0x0000000086f00000, 0x0000000087000000|  0%| F|  |TAMS 0x0000000086f00000, 0x0000000086f00000| Untracked 
| 112|0x0000000087000000, 0x0000000087000000, 0x0000000087100000|  0%| F|  |TAMS 0x0000000087000000, 0x0000000087000000| Untracked 
| 113|0x0000000087100000, 0x0000000087100000, 0x0000000087200000|  0%| F|  |TAMS 0x0000000087100000, 0x0000000087100000| Untracked 
| 114|0x0000000087200000, 0x0000000087200000, 0x0000000087300000|  0%| F|  |TAMS 0x0000000087200000, 0x0000000087200000| Untracked 
| 115|0x0000000087300000, 0x0000000087400000, 0x0000000087400000|100%| S|CS|TAMS 0x0000000087300000, 0x0000000087300000| Complete 
| 116|0x0000000087400000, 0x0000000087500000, 0x0000000087500000|100%| S|CS|TAMS 0x0000000087400000, 0x0000000087400000| Complete 
| 117|0x0000000087500000, 0x0000000087500000, 0x0000000087600000|  0%| F|  |TAMS 0x0000000087500000, 0x0000000087500000| Untracked 
| 118|0x0000000087600000, 0x0000000087600000, 0x0000000087700000|  0%| F|  |TAMS 0x0000000087600000, 0x0000000087600000| Untracked 
| 119|0x0000000087700000, 0x0000000087700000, 0x0000000087800000|  0%| F|  |TAMS 0x0000000087700000, 0x0000000087700000| Untracked 
| 120|0x0000000087800000, 0x0000000087800000, 0x0000000087900000|  0%| F|  |TAMS 0x0000000087800000, 0x0000000087800000| Untracked 
| 121|0x0000000087900000, 0x0000000087900000, 0x0000000087a00000|  0%| F|  |TAMS 0x0000000087900000, 0x0000000087900000| Untracked 
| 122|0x0000000087a00000, 0x0000000087a00000, 0x0000000087b00000|  0%| F|  |TAMS 0x0000000087a00000, 0x0000000087a00000| Untracked 
| 123|0x0000000087b00000, 0x0000000087b00000, 0x0000000087c00000|  0%| F|  |TAMS 0x0000000087b00000, 0x0000000087b00000| Untracked 
| 124|0x0000000087c00000, 0x0000000087c00000, 0x0000000087d00000|  0%| F|  |TAMS 0x0000000087c00000, 0x0000000087c00000| Untracked 
| 125|0x0000000087d00000, 0x0000000087d00000, 0x0000000087e00000|  0%| F|  |TAMS 0x0000000087d00000, 0x0000000087d00000| Untracked 
| 126|0x0000000087e00000, 0x0000000087e00000, 0x0000000087f00000|  0%| F|  |TAMS 0x0000000087e00000, 0x0000000087e00000| Untracked 
| 127|0x0000000087f00000, 0x0000000087f00800, 0x0000000088000000|  0%| E|  |TAMS 0x0000000087f00000, 0x0000000087f00000| Complete 

Card table byte_map: [0x00000220d0420000,0x00000220d0820000] _byte_map_base: 0x00000220d0020000

Marking Bits (Prev, Next): (CMBitMap*) 0x00000220bbacaaf0, (CMBitMap*) 0x00000220bbacab30
 Prev Bits: [0x00000220d0c20000, 0x00000220d2c20000)
 Next Bits: [0x00000220d2c20000, 0x00000220d4c20000)

Polling page: 0x00000220bbb30000

Metaspace:

Usage:
  Non-class:     16.46 MB used.
      Class:      1.89 MB used.
       Both:     18.35 MB used.

Virtual space:
  Non-class space:       64.00 MB reserved,      16.56 MB ( 26%) committed,  1 nodes.
      Class space:        1.00 GB reserved,       2.00 MB ( <1%) committed,  1 nodes.
             Both:        1.06 GB reserved,      18.56 MB (  2%) committed. 

Chunk freelists:
   Non-Class:  15.20 MB
       Class:  14.04 MB
        Both:  29.24 MB

MaxMetaspaceSize: unlimited
CompressedClassSpaceSize: 1.00 GB
Initial GC threshold: 21.00 MB
Current GC threshold: 21.00 MB
CDS: off
MetaspaceReclaimPolicy: balanced
 - commit_granule_bytes: 65536.
 - commit_granule_words: 8192.
 - virtual_space_node_default_size: 8388608.
 - enlarge_chunks_in_place: 1.
 - new_chunks_are_fully_committed: 0.
 - uncommit_free_chunks: 1.
 - use_allocation_guard: 0.
 - handle_deallocations: 1.


Internal statistics:

num_allocs_failed_limit: 0.
num_arena_births: 270.
num_arena_deaths: 0.
num_vsnodes_births: 2.
num_vsnodes_deaths: 0.
num_space_committed: 297.
num_space_uncommitted: 0.
num_chunks_returned_to_freelist: 0.
num_chunks_taken_from_freelist: 559.
num_chunk_merges: 0.
num_chunk_splits: 332.
num_chunks_enlarged: 163.
num_inconsistent_stats: 0.

CodeHeap 'non-profiled nmethods': size=120000Kb used=540Kb max_used=540Kb free=119459Kb
 bounds [0x00000220c84a0000, 0x00000220c8710000, 0x00000220cf9d0000]
CodeHeap 'profiled nmethods': size=120000Kb used=3061Kb max_used=3061Kb free=116938Kb
 bounds [0x00000220c09d0000, 0x00000220c0cd0000, 0x00000220c7f00000]
CodeHeap 'non-nmethods': size=5760Kb used=1197Kb max_used=1215Kb free=4562Kb
 bounds [0x00000220c7f00000, 0x00000220c8170000, 0x00000220c84a0000]
 total_blobs=2054 nmethods=1567 adapters=400
 compilation: enabled
              stopped_count=0, restarted_count=0
 full_count=0

Compilation events (20 events):
Event: 54.157 Thread 0x00000220d72acf20 1538       1       java.io.ObjectStreamClass$FieldReflectorKey::hashCode (5 bytes)
Event: 54.157 Thread 0x00000220d72acf20 nmethod 1538 0x00000220c8526c10 code [0x00000220c8526da0, 0x00000220c8526e78]
Event: 54.157 Thread 0x00000220d72acf20 1539       3       java.io.ObjectOutputStream$BlockDataOutputStream::writeUTF (46 bytes)
Event: 54.157 Thread 0x00000220d72acf20 nmethod 1539 0x00000220c0cad210 code [0x00000220c0cad400, 0x00000220c0cad838]
Event: 54.160 Thread 0x00000220d72acf20 1540       3       java.util.concurrent.locks.AbstractQueuedSynchronizer::signalNext (34 bytes)
Event: 54.161 Thread 0x00000220d72acf20 nmethod 1540 0x00000220c0cada10 code [0x00000220c0cadbe0, 0x00000220c0cade98]
Event: 54.174 Thread 0x00000220d72acf20 1541       3       java.io.ObjectInputStream$HandleTable::assign (48 bytes)
Event: 54.174 Thread 0x00000220d72acf20 nmethod 1541 0x00000220c0cae010 code [0x00000220c0cae1c0, 0x00000220c0cae528]
Event: 54.175 Thread 0x00000220d72acf20 1542       3       java.io.ObjectInputStream$HandleTable::finish (111 bytes)
Event: 54.175 Thread 0x00000220d72acf20 nmethod 1542 0x00000220c0cae690 code [0x00000220c0cae880, 0x00000220c0caee68]
Event: 54.217 Thread 0x00000220d72acf20 1543       3       sun.nio.ch.NioSocketImpl::ensureOpenAndConnected (36 bytes)
Event: 54.218 Thread 0x00000220d72acf20 nmethod 1543 0x00000220c0caf090 code [0x00000220c0caf260, 0x00000220c0caf598]
Event: 54.230 Thread 0x00000220d72acf20 1544       3       java.io.BufferedOutputStream::flushBuffer (29 bytes)
Event: 54.231 Thread 0x00000220d72acf20 nmethod 1544 0x00000220c0caf710 code [0x00000220c0caf8c0, 0x00000220c0cafae8]
Event: 54.259 Thread 0x00000220d72acf20 1545       3       jdk.internal.misc.Unsafe::checkSize (32 bytes)
Event: 54.259 Thread 0x00000220d72acf20 nmethod 1545 0x00000220c0cafb90 code [0x00000220c0cafd40, 0x00000220c0caffa8]
Event: 54.259 Thread 0x00000220d72acf20 1546       3       java.util.ArrayDeque::pollFirst (36 bytes)
Event: 54.260 Thread 0x00000220d72acf20 nmethod 1546 0x00000220c0cb0090 code [0x00000220c0cb0240, 0x00000220c0cb0638]
Event: 54.309 Thread 0x00000220d72acf20 1547       1       java.nio.DirectByteBuffer::isReadOnly (2 bytes)
Event: 54.309 Thread 0x00000220d72acf20 nmethod 1547 0x00000220c8526f10 code [0x00000220c85270a0, 0x00000220c8527178]

GC Heap History (2 events):
Event: 36.157 GC heap before
{Heap before GC invocations=0 (full 0):
 garbage-first heap   total 131072K, used 15360K [0x0000000080000000, 0x0000000100000000)
  region size 1024K, 13 young (13312K), 0 survivors (0K)
 Metaspace       used 14360K, committed 14656K, reserved 1114112K
  class space    used 1499K, committed 1664K, reserved 1048576K
}
Event: 36.528 GC heap after
{Heap after GC invocations=1 (full 0):
 garbage-first heap   total 131072K, used 6798K [0x0000000080000000, 0x0000000100000000)
  region size 1024K, 2 young (2048K), 2 survivors (2048K)
 Metaspace       used 14360K, committed 14656K, reserved 1114112K
  class space    used 1499K, committed 1664K, reserved 1048576K
}

Dll operation events (1 events):
Event: 2.154 Loaded shared library F:\inteliji\jbr\bin\java.dll

Deoptimization events (20 events):
Event: 51.590 Thread 0x00000220dc240ca0 Uncommon trap: trap_request=0xffffff45 fr.pc=0x00000220c85085a8 relative=0x00000000000004e8
Event: 51.590 Thread 0x00000220dc240ca0 Uncommon trap: reason=unstable_if action=reinterpret pc=0x00000220c85085a8 method=sun.security.provider.SHA2.implDigest([BI)V @ 21 c2
Event: 51.590 Thread 0x00000220dc240ca0 DEOPT PACKING pc=0x00000220c85085a8 sp=0x0000008dbc5fde90
Event: 51.590 Thread 0x00000220dc240ca0 DEOPT UNPACKING pc=0x00000220c7f5a1a3 sp=0x0000008dbc5fddb8 mode 2
Event: 51.590 Thread 0x00000220dc240ca0 Uncommon trap: trap_request=0xffffff45 fr.pc=0x00000220c85090b4 relative=0x0000000000000394
Event: 51.590 Thread 0x00000220dc240ca0 Uncommon trap: reason=unstable_if action=reinterpret pc=0x00000220c85090b4 method=sun.security.provider.SHA2.implDigest([BI)V @ 21 c2
Event: 51.590 Thread 0x00000220dc240ca0 DEOPT PACKING pc=0x00000220c85090b4 sp=0x0000008dbc5fdde0
Event: 51.590 Thread 0x00000220dc240ca0 DEOPT UNPACKING pc=0x00000220c7f5a1a3 sp=0x0000008dbc5fdd98 mode 2
Event: 51.878 Thread 0x00000220dc240ca0 Uncommon trap: trap_request=0xffffff45 fr.pc=0x00000220c8501150 relative=0x0000000000000f30
Event: 51.878 Thread 0x00000220dc240ca0 Uncommon trap: reason=unstable_if action=reinterpret pc=0x00000220c8501150 method=java.util.concurrent.ConcurrentHashMap.putVal(Ljava/lang/Object;Ljava/lang/Object;Z)Ljava/lang/Object; @ 231 c2
Event: 51.878 Thread 0x00000220dc240ca0 DEOPT PACKING pc=0x00000220c8501150 sp=0x0000008dbc5fe3f0
Event: 51.878 Thread 0x00000220dc240ca0 DEOPT UNPACKING pc=0x00000220c7f5a1a3 sp=0x0000008dbc5fe360 mode 2
Event: 52.491 Thread 0x00000220dc240ca0 Uncommon trap: trap_request=0xffffff45 fr.pc=0x00000220c84ee260 relative=0x00000000000068a0
Event: 52.491 Thread 0x00000220dc240ca0 Uncommon trap: reason=unstable_if action=reinterpret pc=0x00000220c84ee260 method=jdk.internal.org.objectweb.asm.Frame.execute(IILjdk/internal/org/objectweb/asm/Symbol;Ljdk/internal/org/objectweb/asm/SymbolTable;)V @ 1 c2
Event: 52.491 Thread 0x00000220dc240ca0 DEOPT PACKING pc=0x00000220c84ee260 sp=0x0000008dbc5fd9d0
Event: 52.492 Thread 0x00000220dc240ca0 DEOPT UNPACKING pc=0x00000220c7f5a1a3 sp=0x0000008dbc5fd990 mode 2
Event: 52.628 Thread 0x00000220dc240ca0 DEOPT PACKING pc=0x00000220c0a6e03a sp=0x0000008dbc5fdc40
Event: 52.628 Thread 0x00000220dc240ca0 DEOPT UNPACKING pc=0x00000220c7f5ace3 sp=0x0000008dbc5fd0b8 mode 0
Event: 52.639 Thread 0x00000220dc240ca0 DEOPT PACKING pc=0x00000220c0a6e03a sp=0x0000008dbc5fde50
Event: 52.639 Thread 0x00000220dc240ca0 DEOPT UNPACKING pc=0x00000220c7f5ace3 sp=0x0000008dbc5fd2c8 mode 0

Classes unloaded (0 events):
No events

Classes redefined (0 events):
No events

Internal exceptions (20 events):
Event: 11.993 Thread 0x00000220bba6ff30 Exception <a 'java/lang/NoSuchMethodError'{0x0000000087cec9a0}: 'java.lang.Object java.lang.invoke.DirectMethodHandle$Holder.invokeStaticInit(java.lang.Object)'> (0x0000000087cec9a0) 
thrown [s\src\hotspot\share\interpreter\linkResolver.cpp, line 771]
Event: 12.177 Thread 0x00000220bba6ff30 Exception <a 'java/lang/NoSuchMethodError'{0x0000000087b4c6b8}: 'java.lang.Object java.lang.invoke.DirectMethodHandle$Holder.invokeStaticInit(java.lang.Object, int, int, int, int)'> (0x0000000087b4c6b8) 
thrown [s\src\hotspot\share\interpreter\linkResolver.cpp, line 771]
Event: 13.773 Thread 0x00000220bba6ff30 Exception <a 'java/lang/NoSuchMethodError'{0x0000000087bbb168}: 'java.lang.Object java.lang.invoke.DirectMethodHandle$Holder.invokeStaticInit(java.lang.Object, java.lang.Object, int, int, int, int)'> (0x0000000087bbb168) 
thrown [s\src\hotspot\share\interpreter\linkResolver.cpp, line 771]
Event: 14.478 Thread 0x00000220bba6ff30 Exception <a 'java/lang/NoSuchMethodError'{0x000000008798ca18}: 'java.lang.Object java.lang.invoke.Invokers$Holder.linkToTargetMethod(java.lang.Object, long, java.lang.Object)'> (0x000000008798ca18) 
thrown [s\src\hotspot\share\interpreter\linkResolver.cpp, line 771]
Event: 14.873 Thread 0x00000220dc241bd0 Exception <a 'java/lang/NoSuchMethodError'{0x000000008775e2c8}: static [B.<clinit>()V> (0x000000008775e2c8) 
thrown [s\src\hotspot\share\prims\jni.cpp, line 1127]
Event: 15.043 Thread 0x00000220dc240ca0 Exception <a 'java/lang/NoSuchMethodError'{0x00000000876104c0}: static [Ljava/rmi/server/ObjID;.<clinit>()V> (0x00000000876104c0) 
thrown [s\src\hotspot\share\prims\jni.cpp, line 1127]
Event: 15.071 Thread 0x00000220dc243f40 Exception <a 'java/lang/InterruptedException'{0x0000000087643108}> (0x0000000087643108) 
thrown [s\src\hotspot\share\runtime\objectMonitor.cpp, line 1658]
Event: 15.072 Thread 0x00000220dc240ca0 Exception <a 'java/lang/NoSuchMethodError'{0x0000000087617d20}: 'void java.lang.invoke.DirectMethodHandle$Holder.invokeSpecial(java.lang.Object, java.lang.Object, java.lang.Object)'> (0x0000000087617d20) 
thrown [s\src\hotspot\share\interpreter\linkResolver.cpp, line 771]
Event: 15.073 Thread 0x00000220dc240ca0 Exception <a 'java/lang/NoSuchMethodError'{0x000000008761b288}: 'void java.lang.invoke.Invokers$Holder.invoke_MT(java.lang.Object, java.lang.Object, java.lang.Object)'> (0x000000008761b288) 
thrown [s\src\hotspot\share\interpreter\linkResolver.cpp, line 771]
Event: 15.078 Thread 0x00000220dc243f40 Exception <a 'java/lang/NoSuchMethodError'{0x000000008764b8a8}: 'java.lang.Object java.lang.invoke.DirectMethodHandle$Holder.newInvokeSpecial(java.lang.Object, java.lang.Object, int, java.lang.Object, long)'> (0x000000008764b8a8) 
thrown [s\src\hotspot\share\interpreter\linkResolver.cpp, line 771]
Event: 16.730 Thread 0x00000220dc240ca0 Exception <a 'java/lang/NoSuchMethodError'{0x00000000874bdea8}: 'java.lang.Object java.lang.invoke.DirectMethodHandle$Holder.invokeInterface(java.lang.Object, java.lang.Object)'> (0x00000000874bdea8) 
thrown [s\src\hotspot\share\interpreter\linkResolver.cpp, line 771]
Event: 35.642 Thread 0x00000220dc240ca0 Exception <a 'java/lang/NoSuchMethodError'{0x000000008735fe20}: 'java.lang.Object java.lang.invoke.DirectMethodHandle$Holder.invokeVirtual(java.lang.Object, java.lang.Object, java.lang.Object, java.lang.Object)'> (0x000000008735fe20) 
thrown [s\src\hotspot\share\interpreter\linkResolver.cpp, line 771]
Event: 35.653 Thread 0x00000220dc240ca0 Exception <a 'java/lang/NoSuchMethodError'{0x0000000087368690}: 'void java.lang.invoke.DirectMethodHandle$Holder.invokeStatic(java.lang.Object, java.lang.Object, java.lang.Object, java.lang.Object)'> (0x0000000087368690) 
thrown [s\src\hotspot\share\interpreter\linkResolver.cpp, line 771]
Event: 36.075 Thread 0x00000220dc240ca0 Exception <a 'java/lang/NoSuchMethodError'{0x00000000873d26c0}: 'int java.lang.invoke.DirectMethodHandle$Holder.invokeStaticInit(java.lang.Object, java.lang.Object, java.lang.Object, java.lang.Object)'> (0x00000000873d26c0) 
thrown [s\src\hotspot\share\interpreter\linkResolver.cpp, line 771]
Event: 36.076 Thread 0x00000220dc240ca0 Exception <a 'java/lang/IncompatibleClassChangeError'{0x00000000873db8a0}: Found class java.lang.Object, but interface was expected> (0x00000000873db8a0) 
thrown [s\src\hotspot\share\interpreter\linkResolver.cpp, line 838]
Event: 36.083 Thread 0x00000220dc240ca0 Exception <a 'java/lang/NoSuchMethodError'{0x00000000873e0f00}: 'int java.lang.invoke.DirectMethodHandle$Holder.invokeStaticInit(java.lang.Object, java.lang.Object)'> (0x00000000873e0f00) 
thrown [s\src\hotspot\share\interpreter\linkResolver.cpp, line 771]
Event: 44.972 Thread 0x00000220dc240ca0 Exception <a 'sun/nio/fs/WindowsException'{0x0000000087cc4430}> (0x0000000087cc4430) 
thrown [s\src\hotspot\share\prims\jni.cpp, line 531]
Event: 47.651 Thread 0x00000220dc240ca0 Implicit null exception at 0x00000220c8506331 to 0x00000220c8506cfc
Event: 50.782 Thread 0x00000220dc240ca0 Exception <a 'java/lang/NoSuchMethodError'{0x0000000087989f70}: 'java.lang.Object java.lang.invoke.DirectMethodHandle$Holder.invokeStaticInit(java.lang.Object, java.lang.Object, java.lang.Object)'> (0x0000000087989f70) 
thrown [s\src\hotspot\share\interpreter\linkResolver.cpp, line 771]
Event: 51.131 Thread 0x00000220dc240ca0 Exception <a 'java/lang/NoSuchMethodError'{0x00000000879e2ed8}: 'java.lang.Object java.lang.invoke.DirectMethodHandle$Holder.newInvokeSpecial(java.lang.Object, java.lang.Object, int)'> (0x00000000879e2ed8) 
thrown [s\src\hotspot\share\interpreter\linkResolver.cpp, line 771]

VM Operations (20 events):
Event: 44.518 Executing VM operation: HandshakeAllThreads
Event: 44.518 Executing VM operation: HandshakeAllThreads done
Event: 45.522 Executing VM operation: Cleanup
Event: 46.487 Executing VM operation: Cleanup done
Event: 46.526 Executing VM operation: HandshakeAllThreads
Event: 46.526 Executing VM operation: HandshakeAllThreads done
Event: 47.401 Executing VM operation: HandshakeAllThreads
Event: 47.401 Executing VM operation: HandshakeAllThreads done
Event: 48.262 Executing VM operation: HandshakeAllThreads
Event: 48.262 Executing VM operation: HandshakeAllThreads done
Event: 48.262 Executing VM operation: Cleanup
Event: 48.262 Executing VM operation: Cleanup done
Event: 49.272 Executing VM operation: Cleanup
Event: 49.272 Executing VM operation: Cleanup done
Event: 51.272 Executing VM operation: Cleanup
Event: 51.279 Executing VM operation: Cleanup done
Event: 52.283 Executing VM operation: Cleanup
Event: 52.283 Executing VM operation: Cleanup done
Event: 54.297 Executing VM operation: Cleanup
Event: 54.297 Executing VM operation: Cleanup done

Events (20 events):
Event: 51.484 loading class java/util/concurrent/atomic/AtomicIntegerFieldUpdater
Event: 51.486 loading class java/util/concurrent/atomic/AtomicIntegerFieldUpdater done
Event: 51.486 loading class java/util/concurrent/atomic/AtomicIntegerFieldUpdater$AtomicIntegerFieldUpdaterImpl
Event: 51.491 loading class java/util/concurrent/atomic/AtomicIntegerFieldUpdater$AtomicIntegerFieldUpdaterImpl done
Event: 51.491 loading class java/util/concurrent/atomic/AtomicIntegerFieldUpdater$AtomicIntegerFieldUpdaterImpl$1
Event: 51.491 loading class java/util/concurrent/atomic/AtomicIntegerFieldUpdater$AtomicIntegerFieldUpdaterImpl$1 done
Event: 51.508 loading class java/lang/invoke/DirectMethodHandle$Special
Event: 51.508 loading class java/lang/invoke/DirectMethodHandle$Special done
Event: 51.519 loading class java/net/UnknownHostException
Event: 51.520 loading class java/net/UnknownHostException done
Event: 51.521 loading class java/io/CharArrayReader
Event: 51.538 loading class java/io/CharArrayReader done
Event: 51.881 loading class jdk/internal/reflect/UnsafeQualifiedStaticObjectFieldAccessorImpl
Event: 51.916 loading class jdk/internal/reflect/UnsafeQualifiedStaticObjectFieldAccessorImpl done
Event: 51.938 loading class java/nio/charset/CharacterCodingException
Event: 51.944 loading class java/nio/charset/CharacterCodingException done
Event: 53.878 loading class java/util/AbstractList$ListItr
Event: 53.878 loading class java/util/AbstractList$ListItr done
Event: 53.920 loading class java/util/function/UnaryOperator
Event: 53.921 loading class java/util/function/UnaryOperator done


Dynamic libraries:
0x00007ff7dd190000 - 0x00007ff7dd19a000 	F:\inteliji\jbr\bin\java.exe
0x00007ffb3a7f0000 - 0x00007ffb3a9e8000 	C:\Windows\SYSTEM32\ntdll.dll
0x00007ffb38820000 - 0x00007ffb388e1000 	C:\Windows\System32\KERNEL32.DLL
0x00007ffb382e0000 - 0x00007ffb385d6000 	C:\Windows\System32\KERNELBASE.dll
0x00007ffb38720000 - 0x00007ffb38820000 	C:\Windows\System32\ucrtbase.dll
0x00007ffaf9ce0000 - 0x00007ffaf9cf7000 	F:\inteliji\jbr\bin\jli.dll
0x00007ffb39700000 - 0x00007ffb3989f000 	C:\Windows\System32\USER32.dll
0x00007ffb38650000 - 0x00007ffb38672000 	C:\Windows\System32\win32u.dll
0x00007ffb3a780000 - 0x00007ffb3a7ab000 	C:\Windows\System32\GDI32.dll
0x00007ffb37ea0000 - 0x00007ffb37fb7000 	C:\Windows\System32\gdi32full.dll
0x00007ffb38680000 - 0x00007ffb3871d000 	C:\Windows\System32\msvcp_win.dll
0x00007ffb22ad0000 - 0x00007ffb22d6a000 	C:\Windows\WinSxS\amd64_microsoft.windows.common-controls_6595b64144ccf1df_6.0.19041.4355_none_60b8b9eb71f62e16\COMCTL32.dll
0x00007ffb39cf0000 - 0x00007ffb39d8e000 	C:\Windows\System32\msvcrt.dll
0x00007ffaf5b00000 - 0x00007ffaf5b1b000 	F:\inteliji\jbr\bin\VCRUNTIME140.dll
0x00007ffb396d0000 - 0x00007ffb396ff000 	C:\Windows\System32\IMM32.DLL
0x00007ffaf9740000 - 0x00007ffaf974c000 	F:\inteliji\jbr\bin\vcruntime140_1.dll
0x00007ffaf52a0000 - 0x00007ffaf532d000 	F:\inteliji\jbr\bin\msvcp140.dll
0x00007ffab4480000 - 0x00007ffab5103000 	F:\inteliji\jbr\bin\server\jvm.dll
0x00007ffb398a0000 - 0x00007ffb39950000 	C:\Windows\System32\ADVAPI32.dll
0x00007ffb392b0000 - 0x00007ffb39350000 	C:\Windows\System32\sechost.dll
0x00007ffb39950000 - 0x00007ffb39a73000 	C:\Windows\System32\RPCRT4.dll
0x00007ffb38220000 - 0x00007ffb38247000 	C:\Windows\System32\bcrypt.dll
0x00007ffb37cf0000 - 0x00007ffb37d3b000 	C:\Windows\SYSTEM32\POWRPROF.dll
0x00007ffb161e0000 - 0x00007ffb161e9000 	C:\Windows\SYSTEM32\WSOCK32.dll
0x00007ffb39060000 - 0x00007ffb390cb000 	C:\Windows\System32\WS2_32.dll
0x00007ffb2c380000 - 0x00007ffb2c3a7000 	C:\Windows\SYSTEM32\WINMM.dll
0x00007ffb32010000 - 0x00007ffb3201a000 	C:\Windows\SYSTEM32\VERSION.dll
0x00007ffb37cd0000 - 0x00007ffb37ce2000 	C:\Windows\SYSTEM32\UMPDC.dll
0x00007ffb35ce0000 - 0x00007ffb35cf2000 	C:\Windows\SYSTEM32\kernel.appcore.dll
0x00007ffb2ba80000 - 0x00007ffb2ba8a000 	F:\inteliji\jbr\bin\jimage.dll
0x00007ffb30050000 - 0x00007ffb30234000 	C:\Windows\SYSTEM32\DBGHELP.DLL
0x00007ffb30010000 - 0x00007ffb30044000 	C:\Windows\SYSTEM32\dbgcore.DLL
0x00007ffb38250000 - 0x00007ffb382d2000 	C:\Windows\System32\bcryptPrimitives.dll
0x00007ffaf9dc0000 - 0x00007ffaf9de5000 	F:\inteliji\jbr\bin\java.dll
0x00007ffb2adf0000 - 0x00007ffb2ae08000 	F:\inteliji\jbr\bin\zip.dll
0x00007ffb388f0000 - 0x00007ffb3905c000 	C:\Windows\System32\SHELL32.dll
0x00007ffb35ee0000 - 0x00007ffb3667e000 	C:\Windows\SYSTEM32\windows.storage.dll
0x00007ffb39350000 - 0x00007ffb396a3000 	C:\Windows\System32\combase.dll
0x00007ffb37710000 - 0x00007ffb3773e000 	C:\Windows\SYSTEM32\Wldp.dll
0x00007ffb3a020000 - 0x00007ffb3a0ed000 	C:\Windows\System32\OLEAUT32.dll
0x00007ffb3a240000 - 0x00007ffb3a2ed000 	C:\Windows\System32\SHCORE.dll
0x00007ffb39b10000 - 0x00007ffb39b65000 	C:\Windows\System32\shlwapi.dll
0x00007ffb37dd0000 - 0x00007ffb37df4000 	C:\Windows\SYSTEM32\profapi.dll
0x00007ffaf9da0000 - 0x00007ffaf9db9000 	F:\inteliji\jbr\bin\net.dll
0x00007ffb2dad0000 - 0x00007ffb2dbda000 	C:\Windows\SYSTEM32\WINHTTP.dll
0x00007ffb374f0000 - 0x00007ffb3755a000 	C:\Windows\system32\mswsock.dll
0x00007ffaf9d80000 - 0x00007ffaf9d96000 	F:\inteliji\jbr\bin\nio.dll
0x00007ffb371f0000 - 0x00007ffb3722b000 	C:\Windows\SYSTEM32\IPHLPAPI.DLL
0x00007ffb3a230000 - 0x00007ffb3a238000 	C:\Windows\System32\NSI.dll
0x00007ffb2eeb0000 - 0x00007ffb2eec7000 	C:\Windows\SYSTEM32\dhcpcsvc6.DLL
0x00007ffb2ee90000 - 0x00007ffb2eead000 	C:\Windows\SYSTEM32\dhcpcsvc.DLL
0x00007ffb37230000 - 0x00007ffb372fa000 	C:\Windows\SYSTEM32\DNSAPI.dll
0x00007ffb37750000 - 0x00007ffb37768000 	C:\Windows\SYSTEM32\CRYPTSP.dll
0x00007ffb36e30000 - 0x00007ffb36e64000 	C:\Windows\system32\rsaenh.dll
0x00007ffb37d80000 - 0x00007ffb37dae000 	C:\Windows\SYSTEM32\USERENV.dll
0x00007ffb37680000 - 0x00007ffb3768c000 	C:\Windows\SYSTEM32\CRYPTBASE.dll
0x00007ffb01b00000 - 0x00007ffb01b09000 	F:\inteliji\jbr\bin\extnet.dll
0x00007ffaf36d0000 - 0x00007ffaf36d7000 	F:\inteliji\jbr\bin\rmi.dll
0x00007ffb30590000 - 0x00007ffb3059a000 	C:\Windows\System32\rasadhlp.dll
0x00007ffb2ca30000 - 0x00007ffb2cab0000 	C:\Windows\System32\fwpuclnt.dll
0x00007ffb019c0000 - 0x00007ffb019c9000 	F:\inteliji\jbr\bin\management.dll
0x00007ffafcfe0000 - 0x00007ffafcfeb000 	F:\inteliji\jbr\bin\management_ext.dll
0x00007ffb396b0000 - 0x00007ffb396b8000 	C:\Windows\System32\PSAPI.DLL

dbghelp: loaded successfully - version: 4.0.5 - missing functions: none
symbol engine: initialized successfully - sym options: 0x614 - pdb path: .;F:\inteliji\jbr\bin;C:\Windows\SYSTEM32;C:\Windows\WinSxS\amd64_microsoft.windows.common-controls_6595b64144ccf1df_6.0.19041.4355_none_60b8b9eb71f62e16;F:\inteliji\jbr\bin\server

VM Arguments:
jvm_args: -Djava.rmi.server.hostname=127.0.0.1 -Duser.timezone=UTC -Xmx2048m -Xms128m -Djdbc.classpath=F:\inteliji\plugins\DatabaseTools\lib\jdbc-console.jar;C:\Users\hp\AppData\Roaming\JetBrains\IntelliJIdea2024.1\jdbc-drivers\PostgreSQL\42.6.0\org\postgresql\postgresql\42.6.0\postgresql-42.6.0.jar;C:\Users\hp\AppData\Roaming\JetBrains\IntelliJIdea2024.1\jdbc-drivers\PostgreSQL\42.6.0\org\checkerframework\checker-qual\3.31.0\checker-qual-3.31.0.jar;C:\Users\hp\AppData\Roaming\JetBrains\IntelliJIdea2024.1\jdbc-drivers\PostgreSQL\42.6.0\com\github\waffle\waffle-jna\1.9.1\waffle-jna-1.9.1.jar;C:\Users\hp\AppData\Roaming\JetBrains\IntelliJIdea2024.1\jdbc-drivers\PostgreSQL\42.6.0\net\java\dev\jna\jna\4.5.1\jna-4.5.1.jar;C:\Users\hp\AppData\Roaming\JetBrains\IntelliJIdea2024.1\jdbc-drivers\PostgreSQL\42.6.0\net\java\dev\jna\jna-platform\4.5.1\jna-platform-4.5.1.jar;C:\Users\hp\AppData\Roaming\JetBrains\IntelliJIdea2024.1\jdbc-drivers\PostgreSQL\42.6.0\org\slf4j\jcl-over-slf4j\1.7.25\jcl-over-slf4j-1.7.25.jar;C:\Users\hp\AppData\Roaming\JetBrains\IntelliJIdea2024.1\jdbc-drivers\PostgreSQL\42.6.0\org\slf4j\slf4j-api\1.7.25\slf4j-api-1.7.25.jar;C:\Users\hp\AppData\Roaming\JetBrains\IntelliJIdea2024.1\jdbc-drivers\PostgreSQL\42.6.0\com\github\ben-manes\caffeine\caffeine\2.6.2\caffeine-2.6.2.jar --add-exports=java.desktop/sun.awt=ALL-UNNAMED --add-exports=java.desktop/java.awt.peer=ALL-UNNAMED --add-opens=java.desktop/java.awt=ALL-UNNAMED --add-opens=jdk.unsupported/sun.misc=ALL-UNNAMED --add-opens=java.base/java.nio=ALL-UNNAMED --add-opens=java.base/java.util=ALL-UNNAMED -Dfile.encoding=UTF-8 
java_command: com.intellij.database.remote.RemoteJdbcServer org.postgresql.Driver
java_class_path (initial): F:\inteliji\lib\util_rt.jar;F:\inteliji\lib\util-8.jar;F:\inteliji\lib\groovy.jar;F:\inteliji\plugins\DatabaseTools\lib\jdbc-console.jar;F:\inteliji\plugins\grid-core-impl\lib\jdbc-console-types.jar;F:\inteliji\lib\util.jar
Launcher Type: SUN_STANDARD

[Global flags]
     intx CICompilerCount                          = 3                                         {product} {ergonomic}
     uint ConcGCThreads                            = 1                                         {product} {ergonomic}
     uint G1ConcRefinementThreads                  = 4                                         {product} {ergonomic}
   size_t G1HeapRegionSize                         = 1048576                                   {product} {ergonomic}
    uintx GCDrainStackTargetSize                   = 64                                        {product} {ergonomic}
   size_t InitialHeapSize                          = 134217728                                 {product} {command line}
   size_t MarkStackSize                            = 4194304                                   {product} {ergonomic}
   size_t MaxHeapSize                              = 2147483648                                {product} {command line}
   size_t MaxNewSize                               = 1287651328                                {product} {ergonomic}
   size_t MinHeapDeltaBytes                        = 1048576                                   {product} {ergonomic}
   size_t MinHeapSize                              = 134217728                                 {product} {command line}
    uintx NonNMethodCodeHeapSize                   = 5832780                                {pd product} {ergonomic}
    uintx NonProfiledCodeHeapSize                  = 122912730                              {pd product} {ergonomic}
    uintx ProfiledCodeHeapSize                     = 122912730                              {pd product} {ergonomic}
    uintx ReservedCodeCacheSize                    = 251658240                              {pd product} {ergonomic}
     bool SegmentedCodeCache                       = true                                      {product} {ergonomic}
   size_t SoftMaxHeapSize                          = 2147483648                             {manageable} {ergonomic}
     bool UseCompressedClassPointers               = true                           {product lp64_product} {ergonomic}
     bool UseCompressedOops                        = true                           {product lp64_product} {ergonomic}
     bool UseG1GC                                  = true                                      {product} {ergonomic}
     bool UseLargePagesIndividualAllocation        = false                                  {pd product} {ergonomic}

Logging:
Log output configuration:
 #0: stdout all=warning uptime,level,tags
 #1: stderr all=off uptime,level,tags

Environment Variables:
JAVA_HOME=C:\Program Files\Java\jdk-11.0.12
CLASSPATH=C:\app\hp\product\21c\dbhomeXE\jdbc\lib\ojdbc11.jar;E:\Javascipt\jarfile\MyApi.jar;
PATH=C:\app\hp\product\21c\dbhomeXE\bin;E:\orc\bin;C:\Program Files\Common Files\Oracle\Java\javapath;C:\Windows\system32;C:\Windows;C:\Windows\System32\Wbem;C:\Windows\System32\WindowsPowerShell\v1.0\;C:\Windows\System32\OpenSSH\;C:\Program Files (x86)\Microsoft SQL Server\160\DTS\Binn\;C:\Program Files\Azure Data Studio\bin;C:\Program Files\nodejs\;C:\Program Files\Microsoft SQL Server\150\Tools\Binn\;C:\Program Files\Microsoft SQL Server\Client SDK\ODBC\170\Tools\Binn\;C:\Program Files (x86)\Microsoft SQL Server\160\Tools\Binn\;C:\Program Files\Microsoft SQL Server\160\Tools\Binn\;C:\Program Files\Microsoft SQL Server\160\DTS\Binn\;C:\Program Files\dotnet\;C:\Program Files\Java\jdk-11.0.12\bin;C:\Program Files\Java\jdk-11.0.12\bin;C:\Program Files\MySQL\MySQL Shell 8.0\bin\;C:\Users\hp\AppData\Local\Microsoft\WindowsApps;;C:\Program Files\Azure Data Studio\bin;C:\Users\hp\AppData\Roaming\npm;C:\Users\hp\AppData\Local\Programs\Microsoft VS Code\bin;C:\Users\hp\.dotnet\tools
USERNAME=hp
OS=Windows_NT
PROCESSOR_IDENTIFIER=Intel64 Family 6 Model 126 Stepping 5, GenuineIntel
TMP=C:\Users\hp\AppData\Local\Temp
TEMP=C:\Users\hp\AppData\Local\Temp



Periodic native trim disabled

JNI global refs:
JNI global refs: 16, weak refs: 0

JNI global refs memory usage: 843, weak refs: 209

Process memory usage:
Resident Set Size: 65008K (1% of 3875748K total physical memory with 172272K free physical memory)

OOME stack traces (most recent first):
Classloader memory used:
Loader bootstrap                                                                       : 1901K
Loader jdk.internal.loader.ClassLoaders$AppClassLoader                                 : 209K
Loader com.intellij.database.remote.jdbc.impl.JdbcClassLoader$JdbcClassLoaderImpl      : 195K
Loader jdk.internal.loader.ClassLoaders$PlatformClassLoader                            : 38280B
Loader jdk.internal.reflect.DelegatingClassLoader                                      : 10506B
Loader com.intellij.database.remote.jdbc.impl.JdbcClassLoader$1                        : 829B


---------------  S Y S T E M  ---------------

OS:
 Windows 10 , 64 bit Build 19041 (10.0.19041.4597)
OS uptime: 4 days 8:58 hours
Hyper-V role detected

CPU: total 4 (initial active 4) (2 cores per cpu, 2 threads per core) family 6 model 126 stepping 5 microcode 0x78, cx8, cmov, fxsr, ht, mmx, 3dnowpref, sse, sse2, sse3, ssse3, sse4.1, sse4.2, popcnt, lzcnt, tsc, tscinvbit, avx, avx2, aes, erms, clmul, bmi1, bmi2, adx, avx512f, avx512dq, avx512cd, avx512bw, avx512vl, sha, fma, vzeroupper, avx512_vpopcntdq, avx512_vpclmulqdq, avx512_vaes, avx512_vnni, clflush, clflushopt, avx512_vbmi2, avx512_vbmi, hv
Processor Information for all 4 processors :
  Max Mhz: 1190, Current Mhz: 1190, Mhz Limit: 1190

Memory: 4k page, system-wide physical 3784M (165M free)
TotalPageFile size 15560M (AvailPageFile size 8M)
current process WorkingSet (physical memory assigned to process): 63M, peak: 65M
current process commit charge ("private bytes"): 224M, peak: 227M

vm_info: OpenJDK 64-Bit Server VM (17.0.11+1-b1207.24) for windows-amd64 JRE (17.0.11+1-b1207.24), built on 2024-05-15 by "builduser" with MS VC++ 16.10 / 16.11 (VS2019)

END.
